mode: atomic
github.com/kaankoken/binance-quick-go-api-gateway/cmd/main_app.go:15.24,26.2 2 1
github.com/kaankoken/binance-quick-go-api-gateway/cmd/main_app.go:29.110,32.41 1 2
github.com/kaankoken/binance-quick-go-api-gateway/cmd/main_app.go:32.41,36.5 3 2
github.com/kaankoken/binance-quick-go-api-gateway/cmd/main_app.go:37.40,40.5 2 2
github.com/kaankoken/binance-quick-go-api-gateway/config/config.go:34.42,45.16 8 5
github.com/kaankoken/binance-quick-go-api-gateway/config/config.go:51.2,53.15 2 3
github.com/kaankoken/binance-quick-go-api-gateway/config/config.go:45.16,47.3 1 2
github.com/kaankoken/binance-quick-go-api-gateway/pkg/handler.go:25.64,26.99 1 3
github.com/kaankoken/binance-quick-go-api-gateway/pkg/handler.go:30.2,32.42 2 2
github.com/kaankoken/binance-quick-go-api-gateway/pkg/handler.go:26.99,28.3 1 1
github.com/kaankoken/binance-quick-go-api-gateway/pkg/helper/d_logger.go:27.33,31.2 2 2
github.com/kaankoken/binance-quick-go-api-gateway/pkg/helper/d_logger.go:42.46,43.16 1 4
github.com/kaankoken/binance-quick-go-api-gateway/pkg/helper/d_logger.go:49.2,49.12 1 2
github.com/kaankoken/binance-quick-go-api-gateway/pkg/helper/d_logger.go:43.16,47.3 2 2
github.com/kaankoken/binance-quick-go-api-gateway/pkg/helper/d_logger.go:62.68,63.16 1 6
github.com/kaankoken/binance-quick-go-api-gateway/pkg/helper/d_logger.go:70.2,70.12 1 2
github.com/kaankoken/binance-quick-go-api-gateway/pkg/helper/d_logger.go:63.16,68.3 3 4
github.com/kaankoken/binance-quick-go-api-gateway/pkg/helper/d_logger.go:80.47,84.2 2 2
github.com/kaankoken/binance-quick-go-api-gateway/pkg/helper/d_logger.go:94.69,99.2 3 4
github.com/kaankoken/binance-quick-go-api-gateway/pkg/helper/handler.go:42.71,49.2 4 2
github.com/kaankoken/binance-quick-go-api-gateway/pkg/helper/handler.go:61.44,62.28 1 4
github.com/kaankoken/binance-quick-go-api-gateway/pkg/helper/handler.go:66.2,66.32 1 2
github.com/kaankoken/binance-quick-go-api-gateway/pkg/helper/handler.go:62.28,64.3 1 2
github.com/kaankoken/binance-quick-go-api-gateway/pkg/helper/handler.go:80.66,81.28 1 6
github.com/kaankoken/binance-quick-go-api-gateway/pkg/helper/handler.go:85.2,85.47 1 3
github.com/kaankoken/binance-quick-go-api-gateway/pkg/helper/handler.go:81.28,83.3 1 3
github.com/kaankoken/binance-quick-go-api-gateway/pkg/helper/handler.go:97.45,98.28 1 2
github.com/kaankoken/binance-quick-go-api-gateway/pkg/helper/handler.go:102.2,102.31 1 1
github.com/kaankoken/binance-quick-go-api-gateway/pkg/helper/handler.go:98.28,100.3 1 1
github.com/kaankoken/binance-quick-go-api-gateway/pkg/helper/handler.go:115.67,116.28 1 4
github.com/kaankoken/binance-quick-go-api-gateway/pkg/helper/handler.go:120.2,120.46 1 2
github.com/kaankoken/binance-quick-go-api-gateway/pkg/helper/handler.go:116.28,118.3 1 2
github.com/kaankoken/binance-quick-go-api-gateway/pkg/helper/r_logger.go:16.56,18.3 1 2
github.com/kaankoken/binance-quick-go-api-gateway/pkg/helper/r_logger.go:33.37,47.2 9 3
github.com/kaankoken/binance-quick-go-api-gateway/pkg/helper/r_logger.go:56.55,58.2 1 2
github.com/kaankoken/binance-quick-go-api-gateway/pkg/helper/r_logger.go:69.46,70.16 1 4
github.com/kaankoken/binance-quick-go-api-gateway/pkg/helper/r_logger.go:76.2,76.12 1 2
github.com/kaankoken/binance-quick-go-api-gateway/pkg/helper/r_logger.go:70.16,74.3 2 2
github.com/kaankoken/binance-quick-go-api-gateway/pkg/helper/r_logger.go:89.68,90.16 1 6
github.com/kaankoken/binance-quick-go-api-gateway/pkg/helper/r_logger.go:97.2,97.12 1 2
github.com/kaankoken/binance-quick-go-api-gateway/pkg/helper/r_logger.go:90.16,95.3 3 4
github.com/kaankoken/binance-quick-go-api-gateway/pkg/helper/r_logger.go:107.47,111.2 2 2
github.com/kaankoken/binance-quick-go-api-gateway/pkg/helper/r_logger.go:121.70,126.2 3 4
github.com/kaankoken/binance-quick-go-api-gateway/pkg/helper/r_logger.go:133.53,134.27 1 22
github.com/kaankoken/binance-quick-go-api-gateway/pkg/helper/r_logger.go:135.33,139.4 1 0
github.com/kaankoken/binance-quick-go-api-gateway/pkg/helper/r_logger.go:140.32,141.19 1 0
github.com/kaankoken/binance-quick-go-api-gateway/pkg/helper/r_logger.go:154.32,158.4 1 0
github.com/kaankoken/binance-quick-go-api-gateway/pkg/helper/r_logger.go:159.31,160.19 1 0
github.com/kaankoken/binance-quick-go-api-gateway/pkg/helper/r_logger.go:173.25,174.86 1 0
github.com/kaankoken/binance-quick-go-api-gateway/pkg/helper/r_logger.go:175.25,176.43 1 10
github.com/kaankoken/binance-quick-go-api-gateway/pkg/helper/r_logger.go:179.26,180.43 1 0
github.com/kaankoken/binance-quick-go-api-gateway/pkg/helper/r_logger.go:186.25,187.53 1 3
github.com/kaankoken/binance-quick-go-api-gateway/pkg/helper/r_logger.go:188.24,189.19 1 2
github.com/kaankoken/binance-quick-go-api-gateway/pkg/helper/r_logger.go:192.34,193.19 1 2
github.com/kaankoken/binance-quick-go-api-gateway/pkg/helper/r_logger.go:141.19,147.4 1 0
github.com/kaankoken/binance-quick-go-api-gateway/pkg/helper/r_logger.go:147.9,153.4 1 0
github.com/kaankoken/binance-quick-go-api-gateway/pkg/helper/r_logger.go:160.19,166.4 1 0
github.com/kaankoken/binance-quick-go-api-gateway/pkg/helper/r_logger.go:166.9,172.4 1 0
github.com/kaankoken/binance-quick-go-api-gateway/pkg/helper/r_logger.go:176.43,178.4 1 10
github.com/kaankoken/binance-quick-go-api-gateway/pkg/helper/r_logger.go:180.43,185.4 1 0
github.com/kaankoken/binance-quick-go-api-gateway/pkg/helper/r_logger.go:189.19,191.4 1 2
github.com/kaankoken/binance-quick-go-api-gateway/pkg/helper/r_logger.go:193.19,195.4 1 2
github.com/kaankoken/binance-quick-go-api-gateway/pkg/telegram/client.go:21.91,26.2 1 3
github.com/kaankoken/binance-quick-go-api-gateway/pkg/telegram/client.go:33.94,38.2 3 5
github.com/kaankoken/binance-quick-go-api-gateway/pkg/telegram/routes.go:12.65,20.45 6 1
github.com/kaankoken/binance-quick-go-api-gateway/pkg/telegram/routes.go:20.45,22.3 1 0
github.com/kaankoken/binance-quick-go-api-gateway/pkg/telegram/routes.go:25.50,27.2 1 0
github.com/kaankoken/binance-quick-go-api-gateway/pkg/telegram/routes.go:29.49,31.2 1 0
github.com/kaankoken/binance-quick-go-api-gateway/pkg/telegram/routes.go:33.56,35.2 1 0
github.com/kaankoken/binance-quick-go-api-gateway/pkg/telegram/routes.go:37.51,39.2 1 0
